<?xml version="1.0" encoding="UTF-8"?>
<testsuite xmlns:xsi="http://www.w3.org/2001/XMLSchema-instance" xsi:noNamespaceSchemaLocation="https://maven.apache.org/surefire/maven-surefire-plugin/xsd/surefire-test-report.xsd" version="3.0.2" name="com.livebox.module.server.controller.ServerControllerTest" time="4.546" tests="1" errors="0" skipped="0" failures="0" flakes="0">
  <properties>
[...]
</properties>
  <testcase name="createServer_ReturnsCreatedAndServerResponse" classname="com.livebox.module.server.controller.ServerControllerTest" time="0.364">
    <system-out><![CDATA[23:33:20.008 [main] INFO org.springframework.test.context.support.AnnotationConfigContextLoaderUtils -- Could not detect default configuration classes for test class [com.livebox.module.server.controller.ServerControllerTest]: ServerControllerTest does not declare any static, non-private, non-final, nested classes annotated with @Configuration.
23:33:20.179 [main] INFO org.springframework.boot.test.context.SpringBootTestContextBootstrapper -- Found @SpringBootConfiguration com.livebox.LiveBoxApplication for test class com.livebox.module.server.controller.ServerControllerTest

  .   ____          _            __ _ _
 /\\ / ___'_ __ _ _(_)_ __  __ _ \ \ \ \
( ( )\___ | '_ | '_| | '_ \/ _` | \ \ \ \
 \\/  ___)| |_)| | | | | || (_| |  ) ) ) )
  '  |____| .__|_| |_|_| |_\__, | / / / /
 =========|_|==============|___/=/_/_/_/

 :: Spring Boot ::               (v3.5.13)

2026-04-21T23:33:20.672+07:00  INFO 15972 --- [livebox-backend] [           main] c.l.m.s.controller.ServerControllerTest  : Starting ServerControllerTest using Java 21.0.7 with PID 15972 (started by ADMIN in E:\Self\LiveBox\livebox-backend)
2026-04-21T23:33:20.673+07:00  INFO 15972 --- [livebox-backend] [           main] c.l.m.s.controller.ServerControllerTest  : No active profile set, falling back to 1 default profile: "default"
2026-04-21T23:33:23.541+07:00  WARN 15972 --- [livebox-backend] [           main] .s.s.UserDetailsServiceAutoConfiguration : 

Using generated security password: cb43220e-2789-4d7a-9d50-51b515ee2cae

This generated password is for development use only. Your security configuration must be updated before running your application in production.

2026-04-21T23:33:23.584+07:00  INFO 15972 --- [livebox-backend] [           main] r$InitializeUserDetailsManagerConfigurer : Global AuthenticationManager configured with UserDetailsService bean with name inMemoryUserDetailsManager
2026-04-21T23:33:23.924+07:00  INFO 15972 --- [livebox-backend] [           main] o.s.b.t.m.w.SpringBootMockServletContext : Initializing Spring TestDispatcherServlet ''
2026-04-21T23:33:23.926+07:00  INFO 15972 --- [livebox-backend] [           main] o.s.t.web.servlet.TestDispatcherServlet  : Initializing Servlet ''
2026-04-21T23:33:23.930+07:00  INFO 15972 --- [livebox-backend] [           main] o.s.t.web.servlet.TestDispatcherServlet  : Completed initialization in 3 ms
2026-04-21T23:33:24.013+07:00  INFO 15972 --- [livebox-backend] [           main] c.l.m.s.controller.ServerControllerTest  : Started ServerControllerTest in 3.766 seconds (process running for 4.611)
]]></system-out>
    <system-err><![CDATA[Mockito is currently self-attaching to enable the inline-mock-maker. This will no longer work in future releases of the JDK. Please add Mockito as an agent to your build as described in Mockito's documentation: https://javadoc.io/doc/org.mockito/mockito-core/latest/org.mockito/org/mockito/Mockito.html#0.3
WARNING: A Java agent has been loaded dynamically (C:\Users\ADMIN\.m2\repository\net\bytebuddy\byte-buddy-agent\1.17.8\byte-buddy-agent-1.17.8.jar)
WARNING: If a serviceability tool is in use, please run with -XX:+EnableDynamicAgentLoading to hide this warning
WARNING: If a serviceability tool is not in use, please run with -Djdk.instrument.traceUsage for more information
WARNING: Dynamic loading of agents will be disallowed by default in a future release
]]></system-err>
  </testcase>
</testsuite>